# JRE version: OpenJDK Runtime Environment (11.0.15) (build 11.0.15+0-b2043.56-8887301)
# Java VM: OpenJDK 64-Bit Server VM (11.0.15+0-b2043.56-8887301, mixed mode, tiered, compressed oops, g1 gc, windows-amd64)
Heap:
 garbage-first heap   total 193536K, used 128410K [0x0000000080000000, 0x0000000100000000)
  region size 1024K, 51 young (52224K), 11 survivors (11264K)
 Metaspace       used 92097K, capacity 94676K, committed 94896K, reserved 1130496K
  class space    used 12063K, capacity 13073K, committed 13208K, reserved 1048576K
GC Heap History (20 events):
Event: 8.029 GC heap before
{Heap before GC invocations=10 (full 0):
 garbage-first heap   total 155648K, used 93910K [0x0000000080000000, 0x0000000100000000)
  region size 1024K, 72 young (73728K), 8 survivors (8192K)
 Metaspace       used 45761K, capacity 46876K, committed 47132K, reserved 1089536K
  class space    used 5823K, capacity 6263K, committed 6296K, reserved 1048576K
}
Event: 8.082 GC heap after
{Heap after GC invocations=11 (full 0):
 garbage-first heap   total 155648K, used 30167K [0x0000000080000000, 0x0000000100000000)
  region size 1024K, 8 young (8192K), 8 survivors (8192K)
 Metaspace       used 45761K, capacity 46876K, committed 47132K, reserved 1089536K
  class space    used 5823K, capacity 6263K, committed 6296K, reserved 1048576K
}
Event: 9.741 GC heap before
{Heap before GC invocations=11 (full 0):
 garbage-first heap   total 155648K, used 98775K [0x0000000080000000, 0x0000000100000000)
  region size 1024K, 75 young (76800K), 8 survivors (8192K)
 Metaspace       used 52565K, capacity 53868K, committed 54044K, reserved 1095680K
  class space    used 6673K, capacity 7182K, committed 7320K, reserved 1048576K
}
Event: 9.753 GC heap after
{Heap after GC invocations=12 (full 0):
 garbage-first heap   total 155648K, used 34321K [0x0000000080000000, 0x0000000100000000)
  region size 1024K, 8 young (8192K), 8 survivors (8192K)
 Metaspace       used 52565K, capacity 53868K, committed 54044K, reserved 1095680K
  class space    used 6673K, capacity 7182K, committed 7320K, reserved 1048576K
}
Event: 11.678 GC heap before
{Heap before GC invocations=12 (full 0):
 garbage-first heap   total 155648K, used 104977K [0x0000000080000000, 0x0000000100000000)
  region size 1024K, 75 young (76800K), 8 survivors (8192K)
 Metaspace       used 58802K, capacity 60258K, committed 60444K, reserved 1101824K
  class space    used 7460K, capacity 7996K, committed 8088K, reserved 1048576K
}
Event: 11.689 GC heap after
{Heap after GC invocations=13 (full 0):
 garbage-first heap   total 155648K, used 44476K [0x0000000080000000, 0x0000000100000000)
  region size 1024K, 10 young (10240K), 10 survivors (10240K)
 Metaspace       used 58802K, capacity 60258K, committed 60444K, reserved 1101824K
  class space    used 7460K, capacity 7996K, committed 8088K, reserved 1048576K
}
Event: 13.043 GC heap before
{Heap before GC invocations=13 (full 0):
 garbage-first heap   total 155648K, used 117180K [0x0000000080000000, 0x0000000100000000)
  region size 1024K, 74 young (75776K), 10 survivors (10240K)
 Metaspace       used 65642K, capacity 67314K, committed 67484K, reserved 1107968K
  class space    used 8334K, capacity 8957K, committed 8984K, reserved 1048576K
}
Event: 13.054 GC heap after
{Heap after GC invocations=14 (full 0):
 garbage-first heap   total 155648K, used 50313K [0x0000000080000000, 0x0000000100000000)
  region size 1024K, 6 young (6144K), 6 survivors (6144K)
 Metaspace       used 65642K, capacity 67314K, committed 67484K, reserved 1107968K
  class space    used 8334K, capacity 8957K, committed 8984K, reserved 1048576K
}
Event: 13.616 GC heap before
{Heap before GC invocations=14 (full 0):
 garbage-first heap   total 155648K, used 82057K [0x0000000080000000, 0x0000000100000000)
  region size 1024K, 38 young (38912K), 6 survivors (6144K)
 Metaspace       used 68094K, capacity 69641K, committed 69808K, reserved 1110016K
  class space    used 8626K, capacity 9254K, committed 9368K, reserved 1048576K
}
Event: 13.633 GC heap after
{Heap after GC invocations=15 (full 0):
 garbage-first heap   total 155648K, used 53246K [0x0000000080000000, 0x0000000100000000)
  region size 1024K, 3 young (3072K), 3 survivors (3072K)
 Metaspace       used 68094K, capacity 69641K, committed 69808K, reserved 1110016K
  class space    used 8626K, capacity 9254K, committed 9368K, reserved 1048576K
}
Event: 14.495 GC heap before
{Heap before GC invocations=16 (full 0):
 garbage-first heap   total 155648K, used 116734K [0x0000000080000000, 0x0000000100000000)
  region size 1024K, 65 young (66560K), 3 survivors (3072K)
 Metaspace       used 70146K, capacity 71904K, committed 72240K, reserved 1112064K
  class space    used 8934K, capacity 9616K, committed 9752K, reserved 1048576K
}
Event: 14.504 GC heap after
{Heap after GC invocations=17 (full 0):
 garbage-first heap   total 193536K, used 56898K [0x0000000080000000, 0x0000000100000000)
  region size 1024K, 7 young (7168K), 7 survivors (7168K)
 Metaspace       used 70146K, capacity 71904K, committed 72240K, reserved 1112064K
  class space    used 8934K, capacity 9616K, committed 9752K, reserved 1048576K
}
Event: 16.049 GC heap before
{Heap before GC invocations=17 (full 0):
 garbage-first heap   total 193536K, used 135746K [0x0000000080000000, 0x0000000100000000)
  region size 1024K, 84 young (86016K), 7 survivors (7168K)
 Metaspace       used 78295K, capacity 80165K, committed 80432K, reserved 1118208K
  class space    used 10230K, capacity 10942K, committed 11032K, reserved 1048576K
}
Event: 16.060 GC heap after
{Heap after GC invocations=18 (full 0):
 garbage-first heap   total 193536K, used 61745K [0x0000000080000000, 0x0000000100000000)
  region size 1024K, 9 young (9216K), 9 survivors (9216K)
 Metaspace       used 78295K, capacity 80165K, committed 80432K, reserved 1118208K
  class space    used 10230K, capacity 10942K, committed 11032K, reserved 1048576K
}
Event: 17.094 GC heap before
{Heap before GC invocations=18 (full 0):
 garbage-first heap   total 193536K, used 143665K [0x0000000080000000, 0x0000000100000000)
  region size 1024K, 89 young (91136K), 9 survivors (9216K)
 Metaspace       used 85004K, capacity 87112K, committed 87344K, reserved 1124352K
  class space    used 11117K, capacity 11907K, committed 12056K, reserved 1048576K
}
Event: 17.110 GC heap after
{Heap after GC invocations=19 (full 0):
 garbage-first heap   total 193536K, used 67520K [0x0000000080000000, 0x0000000100000000)
  region size 1024K, 11 young (11264K), 11 survivors (11264K)
 Metaspace       used 85004K, capacity 87112K, committed 87344K, reserved 1124352K
  class space    used 11117K, capacity 11907K, committed 12056K, reserved 1048576K
}
Event: 18.025 GC heap before
{Heap before GC invocations=19 (full 0):
 garbage-first heap   total 193536K, used 147392K [0x0000000080000000, 0x0000000100000000)
  region size 1024K, 90 young (92160K), 11 survivors (11264K)
 Metaspace       used 87573K, capacity 90079K, committed 90160K, reserved 1126400K
  class space    used 11591K, capacity 12530K, committed 12568K, reserved 1048576K
}
Event: 18.052 GC heap after
{Heap after GC invocations=20 (full 0):
 garbage-first heap   total 193536K, used 75439K [0x0000000080000000, 0x0000000100000000)
  region size 1024K, 12 young (12288K), 12 survivors (12288K)
 Metaspace       used 87573K, capacity 90079K, committed 90160K, reserved 1126400K
  class space    used 11591K, capacity 12530K, committed 12568K, reserved 1048576K
}
Event: 20.496 GC heap before
{Heap before GC invocations=20 (full 0):
 garbage-first heap   total 193536K, used 152239K [0x0000000080000000, 0x0000000100000000)
  region size 1024K, 86 young (88064K), 12 survivors (12288K)
 Metaspace       used 91295K, capacity 93879K, committed 94256K, reserved 1130496K
  class space    used 11967K, capacity 12956K, committed 13080K, reserved 1048576K
}
Event: 20.531 GC heap after
{Heap after GC invocations=21 (full 0):
 garbage-first heap   total 193536K, used 88474K [0x0000000080000000, 0x0000000100000000)
  region size 1024K, 11 young (11264K), 11 survivors (11264K)
 Metaspace       used 91295K, capacity 93879K, committed 94256K, reserved 1130496K
  class space    used 11967K, capacity 12956K, committed 13080K, reserved 1048576K
}

