# JRE version: OpenJDK Runtime Environment (11.0.15) (build 11.0.15+0-b2043.56-8887301)
# Java VM: OpenJDK 64-Bit Server VM (11.0.15+0-b2043.56-8887301, mixed mode, tiered, compressed oops, g1 gc, windows-amd64)
Heap:
 garbage-first heap   total 412672K, used 345315K [0x0000000080000000, 0x0000000100000000)
  region size 1024K, 186 young (190464K), 9 survivors (9216K)
 Metaspace       used 114304K, capacity 117556K, committed 117840K, reserved 1150976K
  class space    used 14527K, capacity 15761K, committed 15844K, reserved 1048576K
GC Heap History (20 events):
Event: 16.422 GC heap before
{Heap before GC invocations=33 (full 0):
 garbage-first heap   total 270336K, used 200045K [0x0000000080000000, 0x0000000100000000)
  region size 1024K, 96 young (98304K), 12 survivors (12288K)
 Metaspace       used 104412K, capacity 107577K, committed 107728K, reserved 1142784K
  class space    used 13367K, capacity 14570K, committed 14692K, reserved 1048576K
}
Event: 16.437 GC heap after
{Heap after GC invocations=34 (full 0):
 garbage-first heap   total 270336K, used 125206K [0x0000000080000000, 0x0000000100000000)
  region size 1024K, 12 young (12288K), 12 survivors (12288K)
 Metaspace       used 104412K, capacity 107577K, committed 107728K, reserved 1142784K
  class space    used 13367K, capacity 14570K, committed 14692K, reserved 1048576K
}
Event: 16.737 GC heap before
{Heap before GC invocations=34 (full 0):
 garbage-first heap   total 270336K, used 203030K [0x0000000080000000, 0x0000000100000000)
  region size 1024K, 89 young (91136K), 12 survivors (12288K)
 Metaspace       used 106395K, capacity 109530K, committed 109648K, reserved 1144832K
  class space    used 13614K, capacity 14810K, committed 14820K, reserved 1048576K
}
Event: 16.761 GC heap after
{Heap after GC invocations=35 (full 0):
 garbage-first heap   total 270336K, used 136905K [0x0000000080000000, 0x0000000100000000)
  region size 1024K, 12 young (12288K), 12 survivors (12288K)
 Metaspace       used 106395K, capacity 109530K, committed 109648K, reserved 1144832K
  class space    used 13614K, capacity 14810K, committed 14820K, reserved 1048576K
}
Event: 16.932 GC heap before
{Heap before GC invocations=35 (full 0):
 garbage-first heap   total 270336K, used 207561K [0x0000000080000000, 0x0000000100000000)
  region size 1024K, 82 young (83968K), 12 survivors (12288K)
 Metaspace       used 107771K, capacity 111060K, committed 111312K, reserved 1144832K
  class space    used 13825K, capacity 15085K, committed 15204K, reserved 1048576K
}
Event: 16.959 GC heap after
{Heap after GC invocations=36 (full 0):
 garbage-first heap   total 324608K, used 149034K [0x0000000080000000, 0x0000000100000000)
  region size 1024K, 11 young (11264K), 11 survivors (11264K)
 Metaspace       used 107771K, capacity 111060K, committed 111312K, reserved 1144832K
  class space    used 13825K, capacity 15085K, committed 15204K, reserved 1048576K
}
Event: 17.538 GC heap before
{Heap before GC invocations=37 (full 0):
 garbage-first heap   total 324608K, used 234026K [0x0000000080000000, 0x0000000100000000)
  region size 1024K, 96 young (98304K), 11 survivors (11264K)
 Metaspace       used 110413K, capacity 113535K, committed 114256K, reserved 1148928K
  class space    used 14180K, capacity 15375K, committed 15588K, reserved 1048576K
}
Event: 17.565 GC heap after
{Heap after GC invocations=38 (full 0):
 garbage-first heap   total 324608K, used 157531K [0x0000000080000000, 0x0000000100000000)
  region size 1024K, 10 young (10240K), 10 survivors (10240K)
 Metaspace       used 110413K, capacity 113535K, committed 114256K, reserved 1148928K
  class space    used 14180K, capacity 15375K, committed 15588K, reserved 1048576K
}
Event: 17.589 GC heap before
{Heap before GC invocations=38 (full 0):
 garbage-first heap   total 324608K, used 162651K [0x0000000080000000, 0x0000000100000000)
  region size 1024K, 15 young (15360K), 10 survivors (10240K)
 Metaspace       used 110445K, capacity 113601K, committed 114256K, reserved 1148928K
  class space    used 14186K, capacity 15375K, committed 15588K, reserved 1048576K
}
Event: 17.604 GC heap after
{Heap after GC invocations=39 (full 0):
 garbage-first heap   total 324608K, used 158985K [0x0000000080000000, 0x0000000100000000)
  region size 1024K, 2 young (2048K), 2 survivors (2048K)
 Metaspace       used 110445K, capacity 113601K, committed 114256K, reserved 1148928K
  class space    used 14186K, capacity 15375K, committed 15588K, reserved 1048576K
}
Event: 18.054 GC heap before
{Heap before GC invocations=39 (full 0):
 garbage-first heap   total 324608K, used 243977K [0x0000000080000000, 0x0000000100000000)
  region size 1024K, 85 young (87040K), 2 survivors (2048K)
 Metaspace       used 111332K, capacity 114492K, committed 115152K, reserved 1148928K
  class space    used 14312K, capacity 15537K, committed 15716K, reserved 1048576K
}
Event: 18.066 GC heap after
{Heap after GC invocations=40 (full 0):
 garbage-first heap   total 324608K, used 160082K [0x0000000080000000, 0x0000000100000000)
  region size 1024K, 4 young (4096K), 4 survivors (4096K)
 Metaspace       used 111332K, capacity 114492K, committed 115152K, reserved 1148928K
  class space    used 14312K, capacity 15537K, committed 15716K, reserved 1048576K
}
Event: 18.707 GC heap before
{Heap before GC invocations=41 (full 0):
 garbage-first heap   total 324608K, used 248146K [0x0000000080000000, 0x0000000100000000)
  region size 1024K, 90 young (92160K), 4 survivors (4096K)
 Metaspace       used 112164K, capacity 115215K, committed 115920K, reserved 1148928K
  class space    used 14277K, capacity 15438K, committed 15716K, reserved 1048576K
}
Event: 18.719 GC heap after
{Heap after GC invocations=42 (full 0):
 garbage-first heap   total 412672K, used 160854K [0x0000000080000000, 0x0000000100000000)
  region size 1024K, 4 young (4096K), 4 survivors (4096K)
 Metaspace       used 112164K, capacity 115215K, committed 115920K, reserved 1148928K
  class space    used 14277K, capacity 15438K, committed 15716K, reserved 1048576K
}
Event: 18.775 GC heap before
{Heap before GC invocations=42 (full 0):
 garbage-first heap   total 412672K, used 176214K [0x0000000080000000, 0x0000000100000000)
  region size 1024K, 20 young (20480K), 4 survivors (4096K)
 Metaspace       used 112216K, capacity 115291K, committed 116176K, reserved 1150976K
  class space    used 14282K, capacity 15442K, committed 15716K, reserved 1048576K
}
Event: 18.783 GC heap after
{Heap after GC invocations=43 (full 0):
 garbage-first heap   total 412672K, used 160851K [0x0000000080000000, 0x0000000100000000)
  region size 1024K, 2 young (2048K), 2 survivors (2048K)
 Metaspace       used 112216K, capacity 115291K, committed 116176K, reserved 1150976K
  class space    used 14282K, capacity 15442K, committed 15716K, reserved 1048576K
}
Event: 19.468 GC heap before
{Heap before GC invocations=43 (full 0):
 garbage-first heap   total 412672K, used 293971K [0x0000000080000000, 0x0000000100000000)
  region size 1024K, 133 young (136192K), 2 survivors (2048K)
 Metaspace       used 112271K, capacity 115394K, committed 116176K, reserved 1150976K
  class space    used 14291K, capacity 15455K, committed 15716K, reserved 1048576K
}
Event: 19.476 GC heap after
{Heap after GC invocations=44 (full 0):
 garbage-first heap   total 412672K, used 161112K [0x0000000080000000, 0x0000000100000000)
  region size 1024K, 2 young (2048K), 2 survivors (2048K)
 Metaspace       used 112271K, capacity 115394K, committed 116176K, reserved 1150976K
  class space    used 14291K, capacity 15455K, committed 15716K, reserved 1048576K
}
Event: 20.347 GC heap before
{Heap before GC invocations=44 (full 0):
 garbage-first heap   total 412672K, used 340312K [0x0000000080000000, 0x0000000100000000)
  region size 1024K, 177 young (181248K), 2 survivors (2048K)
 Metaspace       used 114001K, capacity 117258K, committed 117584K, reserved 1150976K
  class space    used 14520K, capacity 15753K, committed 15844K, reserved 1048576K
}
Event: 20.356 GC heap after
{Heap after GC invocations=45 (full 0):
 garbage-first heap   total 412672K, used 162019K [0x0000000080000000, 0x0000000100000000)
  region size 1024K, 3 young (3072K), 3 survivors (3072K)
 Metaspace       used 114001K, capacity 117258K, committed 117584K, reserved 1150976K
  class space    used 14520K, capacity 15753K, committed 15844K, reserved 1048576K
}

