# JRE version: OpenJDK Runtime Environment (11.0.15) (build 11.0.15+0-b2043.56-8887301)
# Java VM: OpenJDK 64-Bit Server VM (11.0.15+0-b2043.56-8887301, mixed mode, tiered, compressed oops, g1 gc, windows-amd64)
Heap:
 garbage-first heap   total 358400K, used 177932K [0x0000000080000000, 0x0000000100000000)
  region size 1024K, 34 young (34816K), 8 survivors (8192K)
 Metaspace       used 112714K, capacity 116201K, committed 116432K, reserved 1150976K
  class space    used 14514K, capacity 15837K, committed 15948K, reserved 1048576K
GC Heap History (20 events):
Event: 40.720 GC heap before
{Heap before GC invocations=45 (full 0):
 garbage-first heap   total 229376K, used 113825K [0x0000000080000000, 0x0000000100000000)
  region size 1024K, 11 young (11264K), 3 survivors (3072K)
 Metaspace       used 96890K, capacity 99599K, committed 99920K, reserved 1136640K
  class space    used 12352K, capacity 13394K, committed 13516K, reserved 1048576K
}
Event: 40.726 GC heap after
{Heap after GC invocations=46 (full 0):
 garbage-first heap   total 229376K, used 100087K [0x0000000080000000, 0x0000000100000000)
  region size 1024K, 1 young (1024K), 1 survivors (1024K)
 Metaspace       used 96890K, capacity 99599K, committed 99920K, reserved 1136640K
  class space    used 12352K, capacity 13394K, committed 13516K, reserved 1048576K
}
Event: 41.840 GC heap before
{Heap before GC invocations=46 (full 0):
 garbage-first heap   total 229376K, used 164599K [0x0000000080000000, 0x0000000100000000)
  region size 1024K, 65 young (66560K), 1 survivors (1024K)
 Metaspace       used 99281K, capacity 102053K, committed 102224K, reserved 1138688K
  class space    used 12594K, capacity 13634K, committed 13772K, reserved 1048576K
}
Event: 41.850 GC heap after
{Heap after GC invocations=47 (full 0):
 garbage-first heap   total 229376K, used 104000K [0x0000000080000000, 0x0000000100000000)
  region size 1024K, 5 young (5120K), 5 survivors (5120K)
 Metaspace       used 99281K, capacity 102053K, committed 102224K, reserved 1138688K
  class space    used 12594K, capacity 13634K, committed 13772K, reserved 1048576K
}
Event: 42.235 GC heap before
{Heap before GC invocations=47 (full 0):
 garbage-first heap   total 229376K, used 169536K [0x0000000080000000, 0x0000000100000000)
  region size 1024K, 70 young (71680K), 5 survivors (5120K)
 Metaspace       used 100159K, capacity 102996K, committed 103376K, reserved 1138688K
  class space    used 12716K, capacity 13775K, committed 13900K, reserved 1048576K
}
Event: 42.247 GC heap after
{Heap after GC invocations=48 (full 0):
 garbage-first heap   total 229376K, used 116340K [0x0000000080000000, 0x0000000100000000)
  region size 1024K, 9 young (9216K), 9 survivors (9216K)
 Metaspace       used 100159K, capacity 102996K, committed 103376K, reserved 1138688K
  class space    used 12716K, capacity 13775K, committed 13900K, reserved 1048576K
}
Event: 43.027 GC heap before
{Heap before GC invocations=48 (full 0):
 garbage-first heap   total 229376K, used 174708K [0x0000000080000000, 0x0000000100000000)
  region size 1024K, 67 young (68608K), 9 survivors (9216K)
 Metaspace       used 103886K, capacity 106906K, committed 106960K, reserved 1142784K
  class space    used 13253K, capacity 14400K, committed 14412K, reserved 1048576K
}
Event: 43.051 GC heap after
{Heap after GC invocations=49 (full 0):
 garbage-first heap   total 229376K, used 124468K [0x0000000080000000, 0x0000000100000000)
  region size 1024K, 9 young (9216K), 9 survivors (9216K)
 Metaspace       used 103886K, capacity 106906K, committed 106960K, reserved 1142784K
  class space    used 13253K, capacity 14400K, committed 14412K, reserved 1048576K
}
Event: 43.760 GC heap before
{Heap before GC invocations=50 (full 0):
 garbage-first heap   total 229376K, used 177716K [0x0000000080000000, 0x0000000100000000)
  region size 1024K, 62 young (63488K), 9 survivors (9216K)
 Metaspace       used 106628K, capacity 109768K, committed 110032K, reserved 1144832K
  class space    used 13645K, capacity 14820K, committed 14924K, reserved 1048576K
}
Event: 43.783 GC heap after
{Heap after GC invocations=51 (full 0):
 garbage-first heap   total 229376K, used 131072K [0x0000000080000000, 0x0000000100000000)
  region size 1024K, 8 young (8192K), 8 survivors (8192K)
 Metaspace       used 106628K, capacity 109768K, committed 110032K, reserved 1144832K
  class space    used 13645K, capacity 14820K, committed 14924K, reserved 1048576K
}
Event: 43.797 GC heap before
{Heap before GC invocations=51 (full 0):
 garbage-first heap   total 229376K, used 134144K [0x0000000080000000, 0x0000000100000000)
  region size 1024K, 11 young (11264K), 8 survivors (8192K)
 Metaspace       used 106640K, capacity 109832K, committed 110032K, reserved 1144832K
  class space    used 13646K, capacity 14820K, committed 14924K, reserved 1048576K
}
Event: 43.813 GC heap after
{Heap after GC invocations=52 (full 0):
 garbage-first heap   total 275456K, used 125255K [0x0000000080000000, 0x0000000100000000)
  region size 1024K, 2 young (2048K), 2 survivors (2048K)
 Metaspace       used 106640K, capacity 109832K, committed 110032K, reserved 1144832K
  class space    used 13646K, capacity 14820K, committed 14924K, reserved 1048576K
}
Event: 44.236 GC heap before
{Heap before GC invocations=52 (full 0):
 garbage-first heap   total 275456K, used 195911K [0x0000000080000000, 0x0000000100000000)
  region size 1024K, 72 young (73728K), 2 survivors (2048K)
 Metaspace       used 108543K, capacity 111808K, committed 112080K, reserved 1146880K
  class space    used 13937K, capacity 15156K, committed 15180K, reserved 1048576K
}
Event: 44.263 GC heap after
{Heap after GC invocations=53 (full 0):
 garbage-first heap   total 275456K, used 135774K [0x0000000080000000, 0x0000000100000000)
  region size 1024K, 9 young (9216K), 9 survivors (9216K)
 Metaspace       used 108543K, capacity 111808K, committed 112080K, reserved 1146880K
  class space    used 13937K, capacity 15156K, committed 15180K, reserved 1048576K
}
Event: 45.083 GC heap before
{Heap before GC invocations=53 (full 0):
 garbage-first heap   total 275456K, used 205406K [0x0000000080000000, 0x0000000100000000)
  region size 1024K, 77 young (78848K), 9 survivors (9216K)
 Metaspace       used 111075K, capacity 114457K, committed 114640K, reserved 1148928K
  class space    used 14334K, capacity 15609K, committed 15692K, reserved 1048576K
}
Event: 45.115 GC heap after
{Heap after GC invocations=54 (full 0):
 garbage-first heap   total 275456K, used 145208K [0x0000000080000000, 0x0000000100000000)
  region size 1024K, 9 young (9216K), 9 survivors (9216K)
 Metaspace       used 111075K, capacity 114457K, committed 114640K, reserved 1148928K
  class space    used 14334K, capacity 15609K, committed 15692K, reserved 1048576K
}
Event: 45.604 GC heap before
{Heap before GC invocations=54 (full 0):
 garbage-first heap   total 275456K, used 211768K [0x0000000080000000, 0x0000000100000000)
  region size 1024K, 74 young (75776K), 9 survivors (9216K)
 Metaspace       used 111792K, capacity 115229K, committed 115536K, reserved 1148928K
  class space    used 14401K, capacity 15686K, committed 15820K, reserved 1048576K
}
Event: 45.628 GC heap after
{Heap after GC invocations=55 (full 0):
 garbage-first heap   total 275456K, used 149007K [0x0000000080000000, 0x0000000100000000)
  region size 1024K, 5 young (5120K), 5 survivors (5120K)
 Metaspace       used 111792K, capacity 115229K, committed 115536K, reserved 1148928K
  class space    used 14401K, capacity 15686K, committed 15820K, reserved 1048576K
}
Event: 45.997 GC heap before
{Heap before GC invocations=55 (full 0):
 garbage-first heap   total 275456K, used 216591K [0x0000000080000000, 0x0000000100000000)
  region size 1024K, 72 young (73728K), 5 survivors (5120K)
 Metaspace       used 112454K, capacity 115889K, committed 116048K, reserved 1148928K
  class space    used 14486K, capacity 15798K, committed 15820K, reserved 1048576K
}
Event: 46.019 GC heap after
{Heap after GC invocations=56 (full 0):
 garbage-first heap   total 358400K, used 152332K [0x0000000080000000, 0x0000000100000000)
  region size 1024K, 8 young (8192K), 8 survivors (8192K)
 Metaspace       used 112454K, capacity 115889K, committed 116048K, reserved 1148928K
  class space    used 14486K, capacity 15798K, committed 15820K, reserved 1048576K
}

